<?xml version="1.0" encoding="UTF-8"?>
<testsuite xmlns:xsi="http://www.w3.org/2001/XMLSchema-instance" xsi:noNamespaceSchemaLocation="https://maven.apache.org/surefire/maven-surefire-plugin/xsd/surefire-test-report-3.0.xsd" version="3.0" name="com.example.stick_hero.PlayControllerTest" time="0.032" tests="2" errors="0" skipped="0" failures="0">
  <properties>
    <property name="java.specification.version" value="21"/>
    <property name="sun.cpu.isalist" value="amd64"/>
    <property name="sun.jnu.encoding" value="Cp1252"/>
    <property name="java.class.path" value="C:\Users\Admin\Downloads\Stick-Hero-main\Stick-Hero-main\stick_hero\target\test-classes;C:\Users\Admin\.m2\repository\org\openjfx\javafx-controls\19-ea+7\javafx-controls-19-ea+7.jar;C:\Users\Admin\.m2\repository\org\openjfx\javafx-graphics\19-ea+7\javafx-graphics-19-ea+7.jar;C:\Users\Admin\.m2\repository\org\openjfx\javafx-base\19-ea+7\javafx-base-19-ea+7.jar;C:\Users\Admin\.m2\repository\org\openjfx\javafx-media\19-ea+7\javafx-media-19-ea+7.jar;C:\Users\Admin\.m2\repository\org\openjfx\javafx-fxml\19-ea+7\javafx-fxml-19-ea+7.jar;C:\Users\Admin\.m2\repository\junit\junit\4.13.2\junit-4.13.2.jar;C:\Users\Admin\.m2\repository\org\hamcrest\hamcrest-core\1.3\hamcrest-core-1.3.jar;C:\Users\Admin\.m2\repository\org\apache\maven\maven-model-builder\3.6.0\maven-model-builder-3.6.0.jar;C:\Users\Admin\.m2\repository\org\codehaus\plexus\plexus-utils\3.1.0\plexus-utils-3.1.0.jar;C:\Users\Admin\.m2\repository\org\codehaus\plexus\plexus-interpolation\1.25\plexus-interpolation-1.25.jar;C:\Users\Admin\.m2\repository\org\codehaus\plexus\plexus-component-annotations\1.7.1\plexus-component-annotations-1.7.1.jar;C:\Users\Admin\.m2\repository\org\apache\maven\maven-model\3.6.0\maven-model-3.6.0.jar;C:\Users\Admin\.m2\repository\org\apache\maven\maven-artifact\3.6.0\maven-artifact-3.6.0.jar;C:\Users\Admin\.m2\repository\org\apache\commons\commons-lang3\3.8.1\commons-lang3-3.8.1.jar;C:\Users\Admin\.m2\repository\org\apache\maven\maven-builder-support\3.6.0\maven-builder-support-3.6.0.jar;C:\Users\Admin\.m2\repository\org\junit\jupiter\junit-jupiter\5.10.1\junit-jupiter-5.10.1.jar;C:\Users\Admin\.m2\repository\org\junit\jupiter\junit-jupiter-api\5.10.1\junit-jupiter-api-5.10.1.jar;C:\Users\Admin\.m2\repository\org\opentest4j\opentest4j\1.3.0\opentest4j-1.3.0.jar;C:\Users\Admin\.m2\repository\org\junit\platform\junit-platform-commons\1.10.1\junit-platform-commons-1.10.1.jar;C:\Users\Admin\.m2\repository\org\apiguardian\apiguardian-api\1.1.2\apiguardian-api-1.1.2.jar;C:\Users\Admin\.m2\repository\org\junit\jupiter\junit-jupiter-params\5.10.1\junit-jupiter-params-5.10.1.jar;C:\Users\Admin\.m2\repository\org\junit\jupiter\junit-jupiter-engine\5.10.1\junit-jupiter-engine-5.10.1.jar;C:\Users\Admin\.m2\repository\org\junit\platform\junit-platform-engine\1.10.1\junit-platform-engine-1.10.1.jar;"/>
    <property name="java.vm.vendor" value="Oracle Corporation"/>
    <property name="sun.arch.data.model" value="64"/>
    <property name="user.variant" value=""/>
    <property name="java.vendor.url" value="https://java.oracle.com/"/>
    <property name="user.timezone" value="Asia/Calcutta"/>
    <property name="os.name" value="Windows 10"/>
    <property name="java.vm.specification.version" value="21"/>
    <property name="sun.java.launcher" value="SUN_STANDARD"/>
    <property name="user.country" value="029"/>
    <property name="sun.boot.library.path" value="C:\Program Files\Java\jdk-21\bin"/>
    <property name="sun.java.command" value="org.apache.maven.surefire.booter.ForkedBooter C:\Users\Admin\AppData\Local\Temp\surefire4797778044236125304 2023-12-09T22-05-00_524-jvmRun1 surefire-20231209220500753_1tmp surefire_0-20231209220500753_2tmp"/>
    <property name="jdk.debug" value="release"/>
    <property name="surefire.test.class.path" value="C:\Users\Admin\Downloads\Stick-Hero-main\Stick-Hero-main\stick_hero\target\test-classes;C:\Users\Admin\.m2\repository\org\openjfx\javafx-controls\19-ea+7\javafx-controls-19-ea+7.jar;C:\Users\Admin\.m2\repository\org\openjfx\javafx-graphics\19-ea+7\javafx-graphics-19-ea+7.jar;C:\Users\Admin\.m2\repository\org\openjfx\javafx-base\19-ea+7\javafx-base-19-ea+7.jar;C:\Users\Admin\.m2\repository\org\openjfx\javafx-media\19-ea+7\javafx-media-19-ea+7.jar;C:\Users\Admin\.m2\repository\org\openjfx\javafx-fxml\19-ea+7\javafx-fxml-19-ea+7.jar;C:\Users\Admin\.m2\repository\junit\junit\4.13.2\junit-4.13.2.jar;C:\Users\Admin\.m2\repository\org\hamcrest\hamcrest-core\1.3\hamcrest-core-1.3.jar;C:\Users\Admin\.m2\repository\org\apache\maven\maven-model-builder\3.6.0\maven-model-builder-3.6.0.jar;C:\Users\Admin\.m2\repository\org\codehaus\plexus\plexus-utils\3.1.0\plexus-utils-3.1.0.jar;C:\Users\Admin\.m2\repository\org\codehaus\plexus\plexus-interpolation\1.25\plexus-interpolation-1.25.jar;C:\Users\Admin\.m2\repository\org\codehaus\plexus\plexus-component-annotations\1.7.1\plexus-component-annotations-1.7.1.jar;C:\Users\Admin\.m2\repository\org\apache\maven\maven-model\3.6.0\maven-model-3.6.0.jar;C:\Users\Admin\.m2\repository\org\apache\maven\maven-artifact\3.6.0\maven-artifact-3.6.0.jar;C:\Users\Admin\.m2\repository\org\apache\commons\commons-lang3\3.8.1\commons-lang3-3.8.1.jar;C:\Users\Admin\.m2\repository\org\apache\maven\maven-builder-support\3.6.0\maven-builder-support-3.6.0.jar;C:\Users\Admin\.m2\repository\org\junit\jupiter\junit-jupiter\5.10.1\junit-jupiter-5.10.1.jar;C:\Users\Admin\.m2\repository\org\junit\jupiter\junit-jupiter-api\5.10.1\junit-jupiter-api-5.10.1.jar;C:\Users\Admin\.m2\repository\org\opentest4j\opentest4j\1.3.0\opentest4j-1.3.0.jar;C:\Users\Admin\.m2\repository\org\junit\platform\junit-platform-commons\1.10.1\junit-platform-commons-1.10.1.jar;C:\Users\Admin\.m2\repository\org\apiguardian\apiguardian-api\1.1.2\apiguardian-api-1.1.2.jar;C:\Users\Admin\.m2\repository\org\junit\jupiter\junit-jupiter-params\5.10.1\junit-jupiter-params-5.10.1.jar;C:\Users\Admin\.m2\repository\org\junit\jupiter\junit-jupiter-engine\5.10.1\junit-jupiter-engine-5.10.1.jar;C:\Users\Admin\.m2\repository\org\junit\platform\junit-platform-engine\1.10.1\junit-platform-engine-1.10.1.jar;"/>
    <property name="sun.cpu.endian" value="little"/>
    <property name="user.home" value="C:\Users\Admin"/>
    <property name="user.language" value="en"/>
    <property name="java.specification.vendor" value="Oracle Corporation"/>
    <property name="jdk.module.path" value="C:\Users\Admin\Downloads\Stick-Hero-main\Stick-Hero-main\stick_hero\target\classes;C:\Users\Admin\.m2\repository\org\openjfx\javafx-controls\19-ea+7\javafx-controls-19-ea+7-win.jar;C:\Users\Admin\.m2\repository\org\openjfx\javafx-graphics\19-ea+7\javafx-graphics-19-ea+7-win.jar;C:\Users\Admin\.m2\repository\org\openjfx\javafx-base\19-ea+7\javafx-base-19-ea+7-win.jar;C:\Users\Admin\.m2\repository\org\openjfx\javafx-media\19-ea+7\javafx-media-19-ea+7-win.jar;C:\Users\Admin\.m2\repository\org\openjfx\javafx-fxml\19-ea+7\javafx-fxml-19-ea+7-win.jar"/>
    <property name="java.version.date" value="2023-10-17"/>
    <property name="java.home" value="C:\Program Files\Java\jdk-21"/>
    <property name="file.separator" value="\"/>
    <property name="basedir" value="C:\Users\Admin\Downloads\Stick-Hero-main\Stick-Hero-main\stick_hero"/>
    <property name="java.vm.compressedOopsMode" value="Zero based"/>
    <property name="line.separator" value="&#10;"/>
    <property name="java.vm.specification.vendor" value="Oracle Corporation"/>
    <property name="java.specification.name" value="Java Platform API Specification"/>
    <property name="surefire.real.class.path" value="C:\Users\Admin\.m2\repository\org\apache\maven\surefire\surefire-api\3.1.2\surefire-api-3.1.2.jar;C:\Users\Admin\.m2\repository\org\apache\maven\surefire\surefire-booter\3.1.2\surefire-booter-3.1.2.jar;C:\Users\Admin\.m2\repository\org\apache\maven\surefire\surefire-extensions-spi\3.1.2\surefire-extensions-spi-3.1.2.jar;C:\Users\Admin\.m2\repository\org\apache\maven\surefire\surefire-logger-api\3.1.2\surefire-logger-api-3.1.2.jar;C:\Users\Admin\.m2\repository\org\apache\maven\surefire\surefire-shared-utils\3.1.2\surefire-shared-utils-3.1.2.jar;C:\Users\Admin\Downloads\Stick-Hero-main\Stick-Hero-main\stick_hero\target\test-classes;C:\Users\Admin\.m2\repository\org\openjfx\javafx-controls\19-ea+7\javafx-controls-19-ea+7.jar;C:\Users\Admin\.m2\repository\org\openjfx\javafx-graphics\19-ea+7\javafx-graphics-19-ea+7.jar;C:\Users\Admin\.m2\repository\org\openjfx\javafx-base\19-ea+7\javafx-base-19-ea+7.jar;C:\Users\Admin\.m2\repository\org\openjfx\javafx-media\19-ea+7\javafx-media-19-ea+7.jar;C:\Users\Admin\.m2\repository\org\openjfx\javafx-fxml\19-ea+7\javafx-fxml-19-ea+7.jar;C:\Users\Admin\.m2\repository\junit\junit\4.13.2\junit-4.13.2.jar;C:\Users\Admin\.m2\repository\org\hamcrest\hamcrest-core\1.3\hamcrest-core-1.3.jar;C:\Users\Admin\.m2\repository\org\apache\maven\maven-model-builder\3.6.0\maven-model-builder-3.6.0.jar;C:\Users\Admin\.m2\repository\org\codehaus\plexus\plexus-utils\3.1.0\plexus-utils-3.1.0.jar;C:\Users\Admin\.m2\repository\org\codehaus\plexus\plexus-interpolation\1.25\plexus-interpolation-1.25.jar;C:\Users\Admin\.m2\repository\org\codehaus\plexus\plexus-component-annotations\1.7.1\plexus-component-annotations-1.7.1.jar;C:\Users\Admin\.m2\repository\org\apache\maven\maven-model\3.6.0\maven-model-3.6.0.jar;C:\Users\Admin\.m2\repository\org\apache\maven\maven-artifact\3.6.0\maven-artifact-3.6.0.jar;C:\Users\Admin\.m2\repository\org\apache\commons\commons-lang3\3.8.1\commons-lang3-3.8.1.jar;C:\Users\Admin\.m2\repository\org\apache\maven\maven-builder-support\3.6.0\maven-builder-support-3.6.0.jar;C:\Users\Admin\.m2\repository\org\junit\jupiter\junit-jupiter\5.10.1\junit-jupiter-5.10.1.jar;C:\Users\Admin\.m2\repository\org\junit\jupiter\junit-jupiter-api\5.10.1\junit-jupiter-api-5.10.1.jar;C:\Users\Admin\.m2\repository\org\opentest4j\opentest4j\1.3.0\opentest4j-1.3.0.jar;C:\Users\Admin\.m2\repository\org\junit\platform\junit-platform-commons\1.10.1\junit-platform-commons-1.10.1.jar;C:\Users\Admin\.m2\repository\org\apiguardian\apiguardian-api\1.1.2\apiguardian-api-1.1.2.jar;C:\Users\Admin\.m2\repository\org\junit\jupiter\junit-jupiter-params\5.10.1\junit-jupiter-params-5.10.1.jar;C:\Users\Admin\.m2\repository\org\junit\jupiter\junit-jupiter-engine\5.10.1\junit-jupiter-engine-5.10.1.jar;C:\Users\Admin\.m2\repository\org\junit\platform\junit-platform-engine\1.10.1\junit-platform-engine-1.10.1.jar;C:\Users\Admin\.m2\repository\org\apache\maven\surefire\surefire-junit-platform\3.1.2\surefire-junit-platform-3.1.2.jar;C:\Users\Admin\.m2\repository\org\apache\maven\surefire\common-java5\3.1.2\common-java5-3.1.2.jar;C:\Users\Admin\.m2\repository\org\junit\platform\junit-platform-launcher\1.10.1\junit-platform-launcher-1.10.1.jar"/>
    <property name="user.script" value=""/>
    <property name="sun.management.compiler" value="HotSpot 64-Bit Tiered Compilers"/>
    <property name="java.runtime.version" value="21.0.1+12-LTS-29"/>
    <property name="user.name" value="Admin"/>
    <property name="stdout.encoding" value="Cp1252"/>
    <property name="path.separator" value=";"/>
    <property name="os.version" value="10.0"/>
    <property name="java.runtime.name" value="Java(TM) SE Runtime Environment"/>
    <property name="file.encoding" value="UTF-8"/>
    <property name="java.vm.name" value="Java HotSpot(TM) 64-Bit Server VM"/>
    <property name="localRepository" value="C:\Users\Admin\.m2\repository"/>
    <property name="java.vendor.url.bug" value="https://bugreport.java.com/bugreport/"/>
    <property name="java.io.tmpdir" value="C:\Users\Admin\AppData\Local\Temp\"/>
    <property name="java.version" value="21.0.1"/>
    <property name="user.dir" value="C:\Users\Admin\Downloads\Stick-Hero-main\Stick-Hero-main\stick_hero"/>
    <property name="os.arch" value="amd64"/>
    <property name="java.vm.specification.name" value="Java Virtual Machine Specification"/>
    <property name="sun.os.patch.level" value=""/>
    <property name="native.encoding" value="Cp1252"/>
    <property name="java.library.path" value="C:\Program Files\Java\jdk-21\bin;C:\Windows\Sun\Java\bin;C:\Windows\system32;C:\Windows;C:\Program Files\Common Files\Oracle\Java\javapath;C:\Users\Admin\AppData\Local\Programs\Python\Python311\Scripts\;C:\Users\Admin\AppData\Local\Programs\Python\Python311\;C:\Windows\system32;C:\Windows;C:\Windows\System32\Wbem;C:\Windows\System32\WindowsPowerShell\v1.0\;C:\Windows\System32\OpenSSH\;C:\Program Files\NVIDIA Corporation\NVIDIA NvDLISR;C:\Program Files (x86)\NVIDIA Corporation\PhysX\Common;C:\Program Files\dotnet\;C:\Program Files\Git\cmd;C:\Program Files\nodejs\;C:\ProgramData\chocolatey\bin;C:\Users\Admin\AppData\Local\Microsoft\WindowsApps;C:\Users\Admin\AppData\Local\Programs\Microsoft VS Code\bin;C:\msys64\usr\bin;C:\msys64\ucrt64\bin;C:\Program Files\JetBrains\PyCharm Community Edition 2023.1.2\bin;;C:\Program Files\JetBrains\IntelliJ IDEA Community Edition 2023.2.5\bin;;C:\Program Files\Java\jdk-20\bin;C:\Users\Admin\AppData\Roaming\npm;C:\Program Files\R\R-4.3.1\bin;C:\Program Files\apache-maven-3.9.4\bin;;."/>
    <property name="java.vm.info" value="mixed mode"/>
    <property name="stderr.encoding" value="Cp1252"/>
    <property name="java.vendor" value="Oracle Corporation"/>
    <property name="java.vm.version" value="21.0.1+12-LTS-29"/>
    <property name="sun.io.unicode.encoding" value="UnicodeLittle"/>
    <property name="java.class.version" value="65.0"/>
  </properties>
  <testcase name="checkHero" classname="com.example.stick_hero.PlayControllerTest" time="0.017"/>
  <testcase name="checkHS" classname="com.example.stick_hero.PlayControllerTest" time="0.0"/>
</testsuite>